<?xml version="1.0" encoding="UTF-8"?>
<!-- Generated by org.testng.reporters.JUnitReportReporter -->
<testsuite skipped="2" hostname="LAPTOP-LFK4DCEU" name="tests.LoginPageTest" tests="4" failures="0" timestamp="2022-11-12T05:44:38 EST" time="54.447" errors="0">
  <testcase name="validUserTest" time="31.065" classname="tests.LoginPageTest"/>
  <system-out/>
  <testcase name="validUserTest" time="23.382" classname="tests.LoginPageTest"/>
  <system-out/>
  <testcase name="passwordFieldEmptyMsgTest" classname="tests.LoginPageTest">
    <skipped/>
  </testcase> <!-- passwordFieldEmptyMsgTest -->
  <system-out/>
  <testcase name="rememberMeTest" classname="tests.LoginPageTest">
    <skipped/>
  </testcase> <!-- rememberMeTest -->
  <system-out/>
</testsuite> <!-- tests.LoginPageTest -->
