<?xml version="1.0" encoding="UTF-8"?>
<!-- Generated by org.testng.reporters.JUnitReportReporter -->
<testsuite skipped="0" hostname="LAPTOP-LFK4DCEU" name="tests.CreateOpportunityTest" tests="1" failures="0" timestamp="2022-11-14T12:05:33 EST" time="9.676" errors="0">
  <testcase name="createNewOpportunity" time="9.676" classname="tests.CreateOpportunityTest"/>
  <system-out/>
</testsuite> <!-- tests.CreateOpportunityTest -->
