<?xml version="1.0" encoding="UTF-8"?>
<!-- Generated by org.testng.reporters.JUnitReportReporter -->
<testsuite skipped="0" hostname="LAPTOP-LFK4DCEU" name="tests.LeadsTest" tests="1" failures="0" timestamp="2022-11-13T16:11:52 EST" time="8.480" errors="0">
  <testcase name="createNewLeadTest" time="8.480" classname="tests.LeadsTest"/>
  <system-out/>
</testsuite> <!-- tests.LeadsTest -->
